IQ-TREE multicore version 2.3.4 COVID-edition for Linux x86 64-bit built Jun 18 2024
Developed by Bui Quang Minh, James Barbetti, Nguyen Lam Tung, Olga Chernomor,
Heiko Schmidt, Dominik Schrempf, Michael Woodhams, Ly Trong Nhan, Thomas Wong

Host:    rona.rsb.anu.edu.au (AVX2, FMA3, 1007 GB RAM)
Command: iqtree -T 99 -s /home/tim/project/GTDB_TREE/Result_rona/test_tree_update/new_tree_test/all_data_tree/concat_all.faa -m p__Gemmatimonadota_150_2+I+G4 -mdef /home/tim/project/GTDB_TREE/Result_rona/test_tree_update/p__Gemmatimonadota_150/trained_models/trained_model.nex -t /home/tim/project/GTDB_TREE/Result_rona/test_tree_update/p__Gemmatimonadota_150/ref_tree.tre -pre /home/tim/project/GTDB_TREE/Result_rona/test_tree_update/new_tree_test/all_data_tree/IQ_All_I_G4
Seed:    220414 (Using SPRNG - Scalable Parallel Random Number Generator)
Time:    Tue Jun 25 17:43:32 2024
Kernel:  AVX+FMA - 99 threads (256 CPU cores detected)

Reading alignment file /home/tim/project/GTDB_TREE/Result_rona/test_tree_update/new_tree_test/all_data_tree/concat_all.faa ... Fasta format detected
Reading fasta file: done in 0.49698 secs using 88.96% CPU
Alignment most likely contains protein sequences
Alignment has 535 sequences with 40228 columns, 39125 distinct patterns
33361 parsimony-informative, 1862 singleton sites, 5005 constant sites
            Gap/Ambiguity  Composition  p-value
Analyzing sequences: done in 0.0512294 secs using 7419% CPU
   1  G007121555    9.70%    failed      0.00%
   2  G947581745   11.91%    failed      0.00%
   3  G017881465    9.29%    failed      0.00%
   4  G019348475   34.97%    failed      0.00%
   5  G003220975   29.75%    failed      0.00%
   6  G955652265   57.02%    failed      0.00%
   7  G019637445    3.67%    failed      0.00%
   8  G025450035   38.79%    failed      0.01%
   9  G023910675   32.06%    failed      0.00%
  10  G031127095    8.66%    failed      0.00%
  11  G016207445   25.15%    failed      0.00%
  12  G030597435   37.25%    failed      0.00%
  13  G022822445    5.91%    failed      0.00%
  14  G007122885   21.09%    failed      0.00%
  15  G021413975   15.00%    failed      0.00%
  16  G009692105   22.25%    failed      0.00%
  17  G009692185    2.87%    failed      0.00%
  18  G013813715    5.09%    failed      0.00%
  19  G030601605   28.30%    failed      0.00%
  20  G016704465   12.14%    failed      0.06%
  21  G017889745   37.25%    failed      0.00%
  22  G020350425   31.98%    failed      0.00%
  23  G016873995    9.01%    failed      2.55%
  24  G016179225   47.39%    failed      0.00%
  25  G022573095   29.22%    failed      0.00%
  26  G030601615   23.88%    failed      0.00%
  27  G017881545   23.42%    failed      0.00%
  28  G029941275   16.92%    failed      0.00%
  29  G028280205   27.75%    failed      0.00%
  30  G946480295   23.68%    failed      4.16%
  31  G007126575    7.95%    failed      0.00%
  32  G029288095   29.44%    failed      0.00%
  33  G030623445    4.28%    failed      0.00%
  34  G013812695   20.46%    failed      0.00%
  35  G007132965   22.63%    failed      0.00%
  36  G026705295   13.34%    failed      0.00%
  37  G937889645    8.83%    failed      0.00%
  38  G025360265   22.78%    failed      0.00%
  39  G002404335   35.26%    failed      0.00%
  40  G022571515    7.67%    failed      0.00%
  41  G030446945   29.11%    failed      0.00%
  42  G011772755   30.07%    failed      0.00%
  43  G016209885   10.29%    failed      0.00%
  44  G003220935   18.98%    failed      0.00%
  45  G022826565   12.93%    failed      0.00%
  46  G011390805   14.87%    failed      0.00%
  47  G019694735    6.07%    failed      0.00%
  48  G003220955   34.98%    failed      0.00%
  49  G019689955   24.23%    failed      0.00%
  50  G026914155    9.11%    failed      0.00%
  51  G015664885   10.25%    failed      0.00%
  52  G004525055   24.24%    failed      0.03%
  53  G003141205   29.30%    failed      0.00%
  54  G031127075   10.46%    failed      0.00%
  55  G016199245   39.29%    failed      0.00%
  56  G019510405   35.62%    failed      1.03%
  57  G019456185    5.64%    failed      0.00%
  58  G937961295   22.21%    failed      0.00%
  59  G951813395    6.12%    failed      0.00%
  60  G016871895    9.74%    failed      0.00%
  61  G013813675   21.60%    failed      0.00%
  62  G016182795   14.23%    failed      0.00%
  63  G028287225   15.88%    failed      0.01%
  64  G025934955   10.73%    failed      0.00%
  65  G027295155   35.36%    failed      0.00%
  66  G025358925    9.67%    failed      0.00%
  67  G002215645    4.13%    failed      0.00%
  68  G017881505   11.13%    failed      0.00%
  69  G016794735   24.82%    failed      0.00%
  70  G003222205    6.89%    failed      0.00%
  71  G937906875   10.72%    failed      0.19%
  72  G009380025    7.76%    failed      0.00%
  73  G003220985   33.07%    failed      0.00%
  74  G025930755    8.77%    failed      0.29%
  75  G027484025   14.01%    failed      0.00%
  76  G013361335   14.65%    failed      0.06%
  77  G003131365   34.51%    failed      0.00%
  78  G016871855   23.65%    failed      0.00%
  79  G002483225    6.00%    failed      0.00%
  80  G946480845   46.75%    failed      0.00%
  81  G016209995   38.52%    failed      0.00%
  82  G030946665   43.00%    failed      0.00%
  83  G946479895   28.50%    failed      0.00%
  84  G026706635    7.39%    failed      0.00%
  85  G937983085   43.36%    failed      0.00%
  86  G024710705   22.40%    failed      0.00%
  87  G013003805   30.25%    failed      0.36%
  88  G003221005   14.20%    failed      0.00%
  89  G903882745    3.13%    failed      0.00%
  90  G025931335   22.37%    passed      5.90%
  91  G031127085   31.90%    failed      0.00%
  92  G025361705   16.82%    failed      0.00%
  93  G003220905   27.34%    failed      0.00%
  94  G022822325   14.14%    failed      0.00%
  95  G016712265    4.70%    failed      0.00%
  96  G027307165    3.96%    failed      0.00%
  97  G013042495   32.55%    failed      0.00%
  98  G946479805   26.67%    failed      0.00%
  99  G028287205   42.82%    failed      0.00%
 100  G003223415   10.58%    failed      0.00%
 101  G025362035   20.43%    failed      0.00%
 102  G022360695   17.11%    failed      0.00%
 103  G025453855   43.98%    failed      0.00%
 104  G026387895   11.94%    failed      0.00%
 105  G003220855   34.60%    failed      0.00%
 106  G003221895   10.81%    failed      0.00%
 107  G019973575    3.36%    failed      0.00%
 108  G025359135   14.23%    failed      0.00%
 109  G026387935    5.26%    failed      0.00%
 110  G002311875   13.91%    failed      0.00%
 111  G030699545   16.86%    failed      0.00%
 112  G022562295   14.05%    failed      0.08%
 113  G003169895    8.05%    failed      0.00%
 114  G003134685    3.35%    failed      0.00%
 115  G026713345   15.59%    failed      0.00%
 116  G030774785   16.91%    failed      0.00%
 117  G947504615   18.01%    failed      0.00%
 118  G029862925   20.22%    failed      0.00%
 119  G009844885   12.20%    failed      0.00%
 120  G025450815   36.28%    failed      0.01%
 121  G003222195    5.16%    failed      0.00%
 122  G016209985   23.89%    failed      0.00%
 123  G002737115   57.49%    failed      0.00%
 124  G016649455   14.18%    failed      0.00%
 125  G017881685   24.90%    failed      0.00%
 126  G003567615   38.84%    failed      0.00%
 127  G025358055    9.54%    failed      0.00%
 128  G013816855   15.50%    failed      0.00%
 129  G013140635   12.46%    failed      0.00%
 130  G026786185   16.08%    failed      0.00%
 131  G018224305   22.85%    failed      0.00%
 132  G030947165   52.09%    failed      0.04%
 133  G014377535   16.18%    failed      0.00%
 134  G007125845    8.33%    failed      0.00%
 135  G022560615    7.69%    failed      0.00%
 136  G025934075   31.69%    failed      0.00%
 137  G012027055   29.97%    failed      0.00%
 138  G030647905    3.13%    failed      0.00%
 139  G009845855    5.95%    failed      0.00%
 140  G028823235    7.06%    failed      0.00%
 141  G030430625   15.65%    failed      0.00%
 142  G013043565   18.88%    failed      0.00%
 143  G028874995   14.66%    failed      0.00%
 144  G030835125    5.38%    failed      2.13%
 145  G017881445    7.90%    failed      0.00%
 146  G903906325   20.42%    failed      0.00%
 147  G016177465   25.32%    failed      0.00%
 148  G002724575   19.20%    failed      0.00%
 149  G020351775   11.63%    failed      0.24%
 150  G027346425   21.44%    passed     15.58%
 151  G958296005   15.29%    failed      0.00%
 152  G007695225   11.78%    failed      0.00%
 153  G003222055   13.05%    failed      0.00%
 154  G009836005    5.84%    failed      0.00%
 155  G021802745   35.64%    failed      0.00%
 156  G025929805   30.67%    failed      0.00%
 157  G902826755   18.62%    failed      0.00%
 158  G016794835   28.44%    failed      0.00%
 159  G019347645   53.16%    failed      0.00%
 160  G021298835    4.72%    failed      0.00%
 161  G946479015   54.46%    failed      0.00%
 162  G025356185   21.56%    failed      0.00%
 163  G012270965   10.76%    failed      0.00%
 164  G001917665   39.11%    failed      0.00%
 165  G007118565    8.62%    failed      0.00%
 166  G011774835   23.19%    failed      0.00%
 167  G028876725   34.21%    failed      0.00%
 168  G020161135    6.14%    failed      0.00%
 169  G007692665   11.82%    failed      0.00%
 170  G937867645    8.29%    failed      0.00%
 171  G027294815   38.87%    failed      0.02%
 172  G009841165    6.49%    failed      0.00%
 173  G030774675   15.68%    failed      0.00%
 174  G030598525   24.68%    failed      0.00%
 175  G947581735    5.61%    failed      0.00%
 176  G947581785    6.92%    failed      0.00%
 177  G013820855   15.45%    failed      0.09%
 178  G024278175    8.56%    failed      0.00%
 179  G025451425   58.15%    failed      0.00%
 180  G025927495   37.41%    failed      0.02%
 181  G021154325   15.34%    failed      0.00%
 182  G030833075    7.43%    failed      0.00%
 183  G025935995   33.40%    failed      0.00%
 184  G013694695   10.18%    failed      0.00%
 185  G003222065   28.61%    failed      0.00%
 186  G024638325   28.05%    failed      0.00%
 187  G013820915   15.12%    failed      0.00%
 188  G025453745   44.84%    failed      0.00%
 189  G003222115    8.95%    failed      0.00%
 190  G023249395   46.68%    failed      0.00%
 191  G007124095   12.27%    failed      0.00%
 192  G021299375    9.01%    failed      0.00%
 193  G028280525   25.85%    failed      0.00%
 194  G947581845   49.00%    failed      0.00%
 195  G003248075    9.46%    failed      0.00%
 196  G022710485   19.48%    failed      0.00%
 197  G013822285   45.69%    failed      0.00%
 198  G003221045   30.04%    failed      0.00%
 199  G014192065    3.13%    failed      0.00%
 200  G020852815    6.88%    failed      0.18%
 201  G003155795   10.86%    failed      0.00%
 202  G002347035   12.32%    failed      0.00%
 203  G031260285   10.74%    failed      0.00%
 204  G938030915   47.36%    failed      0.00%
 205  G030859365   26.82%    failed      0.00%
 206  G023554445   10.46%    failed      0.00%
 207  G016794805   10.51%    failed      0.00%
 208  G903894655   39.17%    failed      0.00%
 209  G009841475   10.71%    failed      0.00%
 210  G025350665    6.30%    failed      0.00%
 211  G022564535   54.08%    failed      0.00%
 212  G029262195    4.43%    failed      0.00%
 213  G013361745   37.10%    failed      0.65%
 214  G913043255    7.40%    failed      0.00%
 215  G947463135   10.28%    failed      0.00%
 216  G021324635    4.78%    failed      0.00%
 217  G001724275    6.85%    failed      4.40%
 218  G019347975   27.93%    failed      0.00%
 219  G001780825   13.95%    failed      0.00%
 220  G028287235    5.11%    failed      0.00%
 221  G013816695   48.27%    failed      0.00%
 222  G016209905   15.58%    failed      0.00%
 223  G011390885   10.30%    failed      0.00%
 224  G903876745   38.01%    failed      0.00%
 225  G013361935   13.47%    failed      1.02%
 226  G028873595    6.07%    failed      0.00%
 227  G020344375   18.20%    failed      0.00%
 228  G027531815    4.17%    failed      0.00%
 229  G947581645   10.05%    failed      0.00%
 230  G029863645   20.51%    failed      0.00%
 231  G022563405    9.74%    failed      0.00%
 232  G947462095   25.00%    failed      0.00%
 233  G029863245    4.17%    failed      0.00%
 234  G018969225   12.83%    failed      0.00%
 235  G958295645    8.01%    failed      0.00%
 236  G003222035   14.58%    failed      0.00%
 237  G007127575   18.71%    failed      0.00%
 238  G943330235   10.08%    failed      0.00%
 239  G019637315   12.87%    failed      0.00%
 240  G913045345   18.12%    failed      0.00%
 241  G937136445   32.58%    failed      0.00%
 242  G012267435   45.68%    failed      0.00%
 243  G022823225    6.96%    failed      0.00%
 244  G030697825    9.75%    failed      0.00%
 245  G003220795   14.11%    failed      0.00%
 246  G003221985   29.92%    failed      0.00%
 247  G946479995   60.26%    failed      0.00%
 248  G003695865   17.85%    failed      0.00%
 249  G014202995    6.14%    failed      0.00%
 250  G019745365   14.54%    failed      0.00%
 251  G029879725   12.55%    failed      0.00%
 252  G022566515    7.94%    failed      0.00%
 253  G027294455    6.36%    passed      6.67%
 254  G025357975   26.00%    failed      0.00%
 255  G023554435   32.73%    failed      0.00%
 256  G022827345    6.22%    failed      0.00%
 257  G025928185   21.71%    failed      0.00%
 258  G025453875   39.38%    failed      0.01%
 259  G007120305   25.17%    failed      0.00%
 260  G028287185   10.52%    failed      0.15%
 261  G029262155   13.31%    failed      0.00%
 262  G021295815    9.24%    failed      0.00%
 263  G028876525   25.39%    failed      0.00%
 264  G022826685   19.73%    failed      0.00%
 265  G947461225   19.94%    failed      0.00%
 266  G020853635   36.76%    failed      0.00%
 267  G003562075   17.11%    failed      0.00%
 268  G030854055   13.29%    failed      0.00%
 269  G937919655    9.65%    failed      0.00%
 270  G025361465   27.34%    failed      0.00%
 271  G000522985    2.98%    failed      0.00%
 272  G028284495   14.90%    failed      0.00%
 273  G013813875   21.44%    failed      0.00%
 274  G002404375   52.26%    failed      0.00%
 275  G016874005    4.07%    failed      0.00%
 276  G002346665   10.72%    failed      0.00%
 277  G030550695   14.66%    failed      0.00%
 278  G030159095    3.08%    failed      0.00%
 279  G003559555   15.79%    failed      0.00%
 280  G011390935   11.22%    failed      0.00%
 281  G947471365   11.85%    failed      0.00%
 282  G018678395   27.64%    failed      0.00%
 283  G030852985   19.38%    failed      0.00%
 284  G022820995    6.48%    failed      0.00%
 285  G027623325    9.72%    failed      0.00%
 286  G955652635   37.73%    failed      0.00%
 287  G025935545   42.51%    failed      0.00%
 288  G024640185   31.22%    failed      0.00%
 289  G002348465   19.48%    failed      0.00%
 290  G025928955   29.46%    failed      0.00%
 291  G028822645   11.08%    failed      0.00%
 292  G021372515    7.39%    failed      0.00%
 293  G009840525    6.72%    failed      0.00%
 294  G013004105    4.10%    failed      0.00%
 295  G031127225   12.90%    failed      0.00%
 296  G022843265   11.64%    failed      0.00%
 297  G028873825   10.79%    failed      0.00%
 298  G002501085   19.02%    failed      0.00%
 299  G945869195    3.45%    failed      0.00%
 300  G028821195   10.49%    failed      0.00%
 301  G016180765   29.01%    failed      0.00%
 302  G029211165    4.12%    failed      0.00%
 303  G002731735   31.46%    failed      0.00%
 304  G020431485   44.61%    failed      0.00%
 305  G022826005   10.07%    failed      0.00%
 306  G025924275   49.42%    failed      0.00%
 307  G016880225   47.16%    failed      0.00%
 308  G029859185   35.04%    failed      0.00%
 309  G030948255   11.11%    failed      0.01%
 310  G001915025   31.06%    failed      0.00%
 311  G025929535   15.52%    failed      0.00%
 312  G903900795   17.61%    failed      0.00%
 313  G016209945   23.13%    failed      0.00%
 314  G022823365    5.91%    failed      0.00%
 315  G016742275    4.52%    failed      0.00%
 316  G020344755   20.34%    failed      0.00%
 317  G002238865    6.46%    failed      0.00%
 318  G012267505   20.63%    failed      0.00%
 319  G022826025   17.89%    failed      0.00%
 320  G016218305   17.84%    failed      0.00%
 321  G028287305    7.83%    failed      0.00%
 322  G030775065   12.61%    failed      0.00%
 323  G020851455    6.81%    failed      0.00%
 324  G014379205   20.87%    failed      0.00%
 325  G025927545   26.73%    failed      0.00%
 326  G003564295   10.20%    failed      0.00%
 327  G016194585   12.24%    failed      0.00%
 328  G012959595   32.00%    failed      0.00%
 329  G021295785   21.38%    failed      0.00%
 330  G002348265   11.85%    failed      0.00%
 331  G003223455   13.70%    failed      0.00%
 332  G019689775    6.48%    failed      0.00%
 333  G029863105   31.00%    failed      0.00%
 334  G024641745   12.97%    failed      0.00%
 335  G028278645    8.27%    failed      0.00%
 336  G003251175   51.28%    failed      0.00%
 337  G030860435   22.65%    passed      8.53%
 338  G002923375    5.45%    failed      0.00%
 339  G022823145   14.00%    failed      0.00%
 340  G007121455    8.53%    failed      0.00%
 341  G029884275   45.38%    failed      0.00%
 342  G030146875   16.88%    failed      0.00%
 343  G025937815   16.08%    failed      0.00%
 344  G025934775    8.45%    failed      0.00%
 345  G025362095   17.87%    failed      0.00%
 346  G003221075   28.31%    failed      0.00%
 347  G013817305   19.99%    failed      0.00%
 348  G022340755   15.13%    failed      0.00%
 349  G016713785    5.87%    failed      0.00%
 350  G003221995   33.01%    failed      0.00%
 351  G902812375   21.27%    failed      0.00%
 352  G007129525   44.74%    failed      0.00%
 353  G946479825   26.75%    failed      0.00%
 354  G022825725    5.79%    failed      0.00%
 355  G014379705   42.88%    failed      0.00%
 356  G025937755   45.07%    failed      0.00%
 357  G029262175    8.80%    failed      0.00%
 358  G947581615    6.30%    failed      0.00%
 359  G946887155   30.60%    failed      0.01%
 360  G023554335   11.05%    failed      0.00%
 361  G947457545   27.91%    failed      0.00%
 362  G000695095    6.09%    failed      0.00%
 363  G016191225   17.11%    failed      0.00%
 364  G009841015    8.17%    failed      0.00%
 365  G011390645   21.74%    failed      0.00%
 366  G002313925   25.50%    failed      0.00%
 367  G946478895   16.86%    failed      0.00%
 368  G016704275    6.19%    failed      0.00%
 369  G025357945    3.80%    failed      0.00%
 370  G937871775   20.12%    failed      0.00%
 371  G009843625   26.33%    failed      0.00%
 372  G002718595   10.63%    failed      0.00%
 373  G016874035    3.23%    failed      0.00%
 374  G013813605   31.45%    failed      0.00%
 375  G019347995   50.47%    failed      0.00%
 376  G021787855   11.92%    failed      0.00%
 377  G028873815    8.53%    failed      0.00%
 378  G024638305   21.77%    failed      0.00%
 379  G029245345    7.97%    failed      0.00%
 380  G012960225   11.71%    failed      0.00%
 381  G003222155   10.43%    failed      0.00%
 382  G007695195    8.31%    failed      0.00%
 383  G013813435   14.17%    failed      0.00%
 384  G022825135    9.04%    failed      0.00%
 385  G022822425   20.63%    failed      0.00%
 386  G963170075   15.15%    failed      0.00%
 387  G009841185    7.15%    failed      0.00%
 388  G002346625   55.17%    failed      0.00%
 389  G016871915   12.14%    failed      0.00%
 390  G030641505   40.80%    failed      0.00%
 391  G030827315    8.15%    failed      0.00%
 392  G014378185   35.91%    failed      0.00%
 393  G014379355   28.75%    failed      0.00%
 394  G019752115    4.24%    failed      0.00%
 395  G003152485   10.16%    failed      0.00%
 396  G019348265   39.21%    failed      0.01%
 397  G902825965   14.06%    failed      0.00%
 398  G003221085   35.87%    failed      0.00%
 399  G004357415   40.95%    failed      0.03%
 400  G013002885   18.74%    failed      0.00%
 401  G003221825   36.19%    failed      0.00%
 402  G030600085   16.15%    failed      0.00%
 403  G003136975   29.14%    failed      0.00%
 404  G026387915    5.30%    failed      0.00%
 405  G902805735   20.11%    failed      0.00%
 406  G003246755   15.44%    failed      0.04%
 407  G009838975    8.20%    failed      0.00%
 408  G029262115   10.60%    failed      0.00%
 409  G025931135   38.28%    failed      0.00%
 410  G027307005   21.18%    failed      0.07%
 411  G003221805   16.56%    failed      0.00%
 412  G021295835    9.60%    failed      0.00%
 413  G016719105    6.16%    failed      0.00%
 414  G020344215   12.94%    failed      0.00%
 415  G937907535    8.45%    failed      0.00%
 416  G030948945   48.10%    failed      0.00%
 417  G016713435   11.00%    failed      0.00%
 418  G003171215   17.27%    failed      0.00%
 419  G019240375   45.99%    failed      0.34%
 420  G003222135   18.00%    failed      0.00%
 421  G007692605   12.93%    failed      0.00%
 422  G016794825   12.45%    failed      0.00%
 423  G947581815   15.20%    failed      0.00%
 424  G003221035    9.59%    failed      0.00%
 425  G020633775   40.22%    failed      0.00%
 426  G028287345   35.53%    failed      0.00%
 427  G007126035    3.56%    failed      0.00%
 428  G028874985    8.43%    failed      0.00%
 429  G946887295   11.30%    failed      0.00%
 430  G020346845   40.52%    failed      0.00%
 431  G913009915   32.60%    failed      0.12%
 432  G937982605   38.98%    failed      0.22%
 433  G016720905    6.98%    failed      0.00%
 434  G028875075   19.72%    failed      0.00%
 435  G013813145   32.47%    failed      0.00%
 436  G947457715   49.92%    failed      0.00%
 437  G016200495   23.91%    failed      0.00%
 438  G031127185   40.77%    failed      0.00%
 439  G003242735   22.60%    failed      0.00%
 440  G015492755   24.72%    failed      0.00%
 441  G019637355    4.46%    failed      0.00%
 442  G013822425    9.35%    failed      0.00%
 443  G013697785    5.70%    failed      0.00%
 444  G027622655    6.40%    failed      0.00%
 445  G003142495   25.28%    failed      0.00%
 446  G025936015   42.00%    failed      0.05%
 447  G030946285   18.33%    failed      0.00%
 448  G023249305   26.22%    failed      0.00%
 449  G947499465    5.89%    failed      0.15%
 450  G030447645   27.24%    failed      0.00%
 451  G020344015   11.67%    failed      0.00%
 452  G025928335   29.66%    failed      0.24%
 453  G945870175   34.22%    failed      0.00%
 454  G020350785   12.22%    failed      0.00%
 455  G024638395   32.99%    failed      0.00%
 456  G030618065   32.27%    failed      0.00%
 457  G947581915    5.57%    failed      0.00%
 458  G020851035   12.82%    failed      0.00%
 459  G029884515   31.63%    failed      0.00%
 460  G903910555    3.50%    failed      0.00%
 461  G021813725   16.89%    failed      0.00%
 462  G024654005   11.36%    failed      0.00%
 463  G007121775   14.87%    failed      0.00%
 464  G022564055   19.43%    failed      0.00%
 465  G025928645   12.94%    failed      0.00%
 466  G030636765   18.03%    failed      0.00%
 467  G020846935    5.37%    failed      0.05%
 468  G016741895   13.92%    failed      0.00%
 469  G023249375   13.32%    failed      0.00%
 470  G013360595   31.69%    failed      1.54%
 471  G024638345   30.27%    failed      0.00%
 472  G017881585    9.85%    failed      0.00%
 473  G022563595    5.07%    failed      0.00%
 474  G002500925   12.68%    failed      0.00%
 475  G022561145   15.74%    failed      0.00%
 476  G003222085   17.20%    failed      0.00%
 477  G951828585    6.00%    failed      0.00%
 478  G019186945    5.27%    failed      0.01%
 479  G025449955   37.58%    failed      0.00%
 480  G009692115    2.93%    failed      0.00%
 481  G028279425   22.77%    failed      0.00%
 482  G021324775    4.35%    failed      0.00%
 483  G030854615   18.47%    failed      0.00%
 484  G030604975   23.68%    failed      0.00%
 485  G021298855    5.42%    failed      0.00%
 486  G007125125   11.57%    failed      0.00%
 487  G028874905   20.35%    failed      0.00%
 488  G947475795   52.30%    failed      0.00%
 489  G013820975   30.01%    failed      1.78%
 490  G030948535   27.13%    failed      0.00%
 491  G030946775   25.73%    failed      0.00%
 492  G020351855   15.89%    failed      0.00%
 493  G029862935   31.20%    failed      0.00%
 494  G003223395    8.54%    failed      0.00%
 495  G937995995   22.54%    failed      0.00%
 496  G025362635   24.68%    failed      0.00%
 497  G029861425   28.33%    failed      0.00%
 498  G007692505   13.23%    failed      0.00%
 499  G013816685   38.40%    failed      0.03%
 500  G028820325    5.90%    failed      0.00%
 501  G016209965   19.89%    failed      0.00%
 502  G011525845    4.49%    failed      0.00%
 503  G024641735    9.20%    failed      0.00%
 504  G030428885    8.47%    failed      0.00%
 505  G013817545   14.69%    failed      0.00%
 506  G000010305    5.29%    failed      0.00%
 507  G003223425   21.54%    failed      0.00%
 508  G022428035   39.31%    failed      0.00%
 509  G029863525   36.99%    failed      0.00%
 510  G025358315   28.43%    failed      0.00%
 511  G028287285   29.76%    failed      0.00%
 512  G003222235   27.01%    failed      0.00%
 513  G030856585   30.50%    failed      0.01%
 514  G002390225   15.28%    failed      0.00%
 515  G902826615    6.29%    failed      0.00%
 516  G022340865    9.84%    failed      0.00%
 517  G030608825   35.45%    failed      0.00%
 518  G013696835   14.56%    failed      0.00%
 519  G009692205   10.17%    passed      9.23%
 520  G009840215   12.17%    failed      0.00%
 521  G021154285   34.58%    failed      0.40%
 522  G947259405   39.79%    failed      0.59%
 523  G028873845    9.62%    failed      0.00%
 524  G003157095   33.14%    failed      0.00%
 525  G001919865   17.17%    failed      0.00%
 526  G030856845   43.21%    failed      0.00%
 527  G947259585    8.79%    failed      0.00%
 528  G021298395    8.40%    failed      0.00%
 529  G016934095   27.65%    failed      0.00%
 530  G007130605   16.59%    failed      0.00%
 531  G947259315   23.08%    failed      0.00%
 532  G025360995   32.61%    failed      0.00%
 533  G016720805    7.79%    failed      0.00%
 534  G002238605    5.99%    failed      0.00%
 535  G016714015    4.23%    failed      0.00%
WARNING: 13 sequences contain more than 50% gaps/ambiguity
****  TOTAL        19.65%  530 sequences failed composition chi2 test (p-value<5%; df=19)
Reading model definition file /home/tim/project/GTDB_TREE/Result_rona/test_tree_update/p__Gemmatimonadota_150/trained_models/trained_model.nex ... 88 models and 214 frequency vectors loaded
Reading input tree file /home/tim/project/GTDB_TREE/Result_rona/test_tree_update/p__Gemmatimonadota_150/ref_tree.tre ... rooted tree

NOTE: 12943 MB RAM (12 GB) is required!
Estimate model parameters (epsilon = 0.100)
Thoroughly optimizing +I+G parameters from 10 start values...
Init pinv, alpha: 0.000, 1.000 / Estimate: 0.123, 0.728 / LogL: -10001121.420
Init pinv, alpha: 0.014, 1.000 / Estimate: 0.123, 0.728 / LogL: -10001121.417
Init pinv, alpha: 0.028, 1.000 / Estimate: 0.123, 0.728 / LogL: -10001121.421
Init pinv, alpha: 0.041, 1.000 / Estimate: 0.123, 0.728 / LogL: -10001121.413
Init pinv, alpha: 0.055, 1.000 / Estimate: 0.123, 0.728 / LogL: -10001121.411
Init pinv, alpha: 0.069, 1.000 / Estimate: 0.123, 0.728 / LogL: -10001121.432
Init pinv, alpha: 0.083, 1.000 / Estimate: 0.123, 0.728 / LogL: -10001121.431
Init pinv, alpha: 0.097, 1.000 / Estimate: 0.123, 0.728 / LogL: -10001121.430
Init pinv, alpha: 0.111, 1.000 / Estimate: 0.123, 0.728 / LogL: -10001121.429
Init pinv, alpha: 0.124, 1.000 / Estimate: 0.123, 0.728 / LogL: -10001121.428
Optimal pinv,alpha: 0.123, 0.728 / LogL: -10001121.411

Parameters optimization took 1492.412 sec
Wrote distance file to... 

Do NNI search on 1 best initial trees
Estimate model parameters (epsilon = 0.100)
BETTER TREE FOUND at iteration 1: -9996494.552
Finish initializing candidate tree set (2)
Current best tree score: -9996494.552 / CPU time: 115.962
Number of iterations: 1
--------------------------------------------------------------------
|               OPTIMIZING CANDIDATE TREE SET                      |
--------------------------------------------------------------------
Estimate model parameters (epsilon = 0.100)
BETTER TREE FOUND at iteration 4: -9996330.019
Estimate model parameters (epsilon = 0.100)
BETTER TREE FOUND at iteration 6: -9996306.889
Iteration 10 / LogL: -9996686.307 / Time: 0h:55m:54s
Estimate model parameters (epsilon = 0.100)
BETTER TREE FOUND at iteration 12: -9996298.370
Estimate model parameters (epsilon = 0.100)
BETTER TREE FOUND at iteration 14: -9996224.516
Iteration 20 / LogL: -9996275.434 / Time: 1h:23m:2s
Estimate model parameters (epsilon = 0.100)
BETTER TREE FOUND at iteration 22: -9996158.814
Iteration 30 / LogL: -9996562.789 / Time: 1h:48m:44s (5h:44m:57s left)
Estimate model parameters (epsilon = 0.100)
BETTER TREE FOUND at iteration 40: -9996151.033
Iteration 40 / LogL: -9996151.033 / Time: 2h:16m:2s (5h:48m:48s left)
Iteration 50 / LogL: -9996849.090 / Time: 2h:41m:35s (4h:56m:48s left)
Iteration 60 / LogL: -9996195.174 / Time: 3h:9m:38s (4h:17m:8s left)
Iteration 70 / LogL: -9996202.113 / Time: 3h:37m:15s (3h:40m:24s left)
Iteration 80 / LogL: -9996364.579 / Time: 4h:6m:3s (3h:6m:52s left)
Iteration 90 / LogL: -9996462.073 / Time: 4h:34m:55s (2h:34m:26s left)
Iteration 100 / LogL: -9996169.438 / Time: 5h:4m:37s (2h:3m:4s left)
Iteration 110 / LogL: -9996988.094 / Time: 5h:34m:12s (1h:31m:58s left)
Iteration 120 / LogL: -9996571.770 / Time: 6h:3m:3s (1h:1m:1s left)
NOTE: 10.066 seconds to dump checkpoint file, increase to 202.000
Iteration 130 / LogL: -9996210.037 / Time: 6h:33m:2s (0h:30m:28s left)
Iteration 140 / LogL: -9996225.117 / Time: 7h:2m:18s (0h:0m:0s left)
TREE SEARCH COMPLETED AFTER 141 ITERATIONS / Time: 7h:5m:21s

--------------------------------------------------------------------
|                    FINALIZING TREE SEARCH                        |
--------------------------------------------------------------------
Performs final model parameters optimization
Estimate model parameters (epsilon = 0.010)
1. Initial log-likelihood: -9996151.033
Optimal log-likelihood: -9996151.027
Proportion of invariable sites: 0.123
Gamma shape alpha: 0.728
Parameters optimization took 1 rounds (11.516 sec)
BEST SCORE FOUND : -9996151.027
Total tree length: 109.138

Total number of iterations: 141
CPU time used for tree search: 2319819.913 sec (644h:23m:39s)
Wall-clock time used for tree search: 24028.381 sec (6h:40m:28s)
Total CPU time used: 2452800.236 sec (681h:20m:0s)
Total wall-clock time used: 25532.609 sec (7h:5m:32s)

Analysis results written to: 
  IQ-TREE report:                /home/tim/project/GTDB_TREE/Result_rona/test_tree_update/new_tree_test/all_data_tree/IQ_All_I_G4.iqtree
  Maximum-likelihood tree:       /home/tim/project/GTDB_TREE/Result_rona/test_tree_update/new_tree_test/all_data_tree/IQ_All_I_G4.treefile
  Screen log file:               /home/tim/project/GTDB_TREE/Result_rona/test_tree_update/new_tree_test/all_data_tree/IQ_All_I_G4.log

Date and Time: Wed Jun 26 00:49:08 2024
